<?xml version="1.0" encoding="UTF-8"?>
<!-- Generated by org.testng.reporters.JUnitReportReporter -->
<testsuite hostname="shivam" failures="0" tests="2" name="Shivam_Maven.CRM.login1Test" time="0.004" errors="0" timestamp="2021-07-24T18:29:00 PDT" skipped="0">
  <testcase classname="Shivam_Maven.CRM.login1Test" name="getuser" time="0.003"/>
  <system-out/>
  <testcase classname="Shivam_Maven.CRM.login1Test" name="setuser" time="0.001"/>
  <system-out/>
</testsuite> <!-- Shivam_Maven.CRM.login1Test -->
