<?xml version="1.0" encoding="UTF-8"?>
<!-- Generated by org.testng.reporters.JUnitReportReporter -->
<testsuite hostname="shivam" failures="0" tests="1" name="Shivam_Maven.CRM.signupTest" time="0.001" errors="0" timestamp="2021-07-24T18:29:00 PDT" skipped="0">
  <testcase classname="Shivam_Maven.CRM.signupTest" name="getdetails" time="0.001"/>
  <system-out/>
</testsuite> <!-- Shivam_Maven.CRM.signupTest -->
